# JRE version: OpenJDK Runtime Environment Temurin-17.0.10+7 (17.0.10+7) (build 17.0.10+7)
# Java VM: OpenJDK 64-Bit Server VM Temurin-17.0.10+7 (17.0.10+7, mixed mode, tiered, compressed oops, compressed class ptrs, parallel gc, windows-amd64)
GC Precious Log:
 CPUs: 4 total, 4 available
 Memory: 3879M
 Large Page Support: Disabled
 NUMA Support: Disabled
 Compressed Oops: Enabled (32-bit)
 Alignments: Space 512K, Generation 512K, Heap 2M
 Heap Min Capacity: 100M
 Heap Initial Capacity: 100M
 Heap Max Capacity: 1G
 Pre-touch: Disabled
 Parallel Workers: 4
Heap:
 PSYoungGen      total 12288K, used 11351K [0x00000000eab00000, 0x00000000ebd00000, 0x0000000100000000)
  eden space 10240K, 91% used [0x00000000eab00000,0x00000000eb41dcc0,0x00000000eb500000)
  from space 2048K, 98% used [0x00000000eb500000,0x00000000eb6f8040,0x00000000eb700000)
  to   space 4096K, 0% used [0x00000000eb900000,0x00000000eb900000,0x00000000ebd00000)
 ParOldGen       total 99328K, used 82846K [0x00000000c0000000, 0x00000000c6100000, 0x00000000eab00000)
  object space 99328K, 83% used [0x00000000c0000000,0x00000000c50e79b8,0x00000000c6100000)
 Metaspace       used 78330K, committed 79744K, reserved 1179648K
  class space    used 7937K, committed 8512K, reserved 1048576K
GC Heap History (20 events):
Event: 53.391 GC heap before
{Heap before GC invocations=85 (full 5):
 PSYoungGen      total 13312K, used 12864K [0x00000000eab00000, 0x00000000eba00000, 0x0000000100000000)
  eden space 11264K, 100% used [0x00000000eab00000,0x00000000eb600000,0x00000000eb600000)
  from space 2048K, 78% used [0x00000000eb600000,0x00000000eb790000,0x00000000eb800000)
  to   space 2048K, 0% used [0x00000000eb800000,0x00000000eb800000,0x00000000eba00000)
 ParOldGen       total 99328K, used 73168K [0x00000000c0000000, 0x00000000c6100000, 0x00000000eab00000)
  object space 99328K, 73% used [0x00000000c0000000,0x00000000c47742a0,0x00000000c6100000)
 Metaspace       used 76749K, committed 78016K, reserved 1179648K
  class space    used 7792K, committed 8320K, reserved 1048576K
}
Event: 53.395 GC heap after
{Heap after GC invocations=85 (full 5):
 PSYoungGen      total 12800K, used 2048K [0x00000000eab00000, 0x00000000ebb00000, 0x0000000100000000)
  eden space 10752K, 0% used [0x00000000eab00000,0x00000000eab00000,0x00000000eb580000)
  from space 2048K, 100% used [0x00000000eb800000,0x00000000eba00000,0x00000000eba00000)
  to   space 2560K, 0% used [0x00000000eb580000,0x00000000eb580000,0x00000000eb800000)
 ParOldGen       total 99328K, used 73488K [0x00000000c0000000, 0x00000000c6100000, 0x00000000eab00000)
  object space 99328K, 73% used [0x00000000c0000000,0x00000000c47c42c0,0x00000000c6100000)
 Metaspace       used 76749K, committed 78016K, reserved 1179648K
  class space    used 7792K, committed 8320K, reserved 1048576K
}
Event: 53.945 GC heap before
{Heap before GC invocations=86 (full 5):
 PSYoungGen      total 12800K, used 12800K [0x00000000eab00000, 0x00000000ebb00000, 0x0000000100000000)
  eden space 10752K, 100% used [0x00000000eab00000,0x00000000eb580000,0x00000000eb580000)
  from space 2048K, 100% used [0x00000000eb800000,0x00000000eba00000,0x00000000eba00000)
  to   space 2560K, 0% used [0x00000000eb580000,0x00000000eb580000,0x00000000eb800000)
 ParOldGen       total 99328K, used 73488K [0x00000000c0000000, 0x00000000c6100000, 0x00000000eab00000)
  object space 99328K, 73% used [0x00000000c0000000,0x00000000c47c42c0,0x00000000c6100000)
 Metaspace       used 76908K, committed 78144K, reserved 1179648K
  class space    used 7810K, committed 8320K, reserved 1048576K
}
Event: 53.949 GC heap after
{Heap after GC invocations=86 (full 5):
 PSYoungGen      total 13312K, used 2560K [0x00000000eab00000, 0x00000000ebd80000, 0x0000000100000000)
  eden space 10752K, 0% used [0x00000000eab00000,0x00000000eab00000,0x00000000eb580000)
  from space 2560K, 100% used [0x00000000eb580000,0x00000000eb800000,0x00000000eb800000)
  to   space 4096K, 0% used [0x00000000eb980000,0x00000000eb980000,0x00000000ebd80000)
 ParOldGen       total 99328K, used 74312K [0x00000000c0000000, 0x00000000c6100000, 0x00000000eab00000)
  object space 99328K, 74% used [0x00000000c0000000,0x00000000c48922c0,0x00000000c6100000)
 Metaspace       used 76908K, committed 78144K, reserved 1179648K
  class space    used 7810K, committed 8320K, reserved 1048576K
}
Event: 54.053 GC heap before
{Heap before GC invocations=87 (full 5):
 PSYoungGen      total 13312K, used 13299K [0x00000000eab00000, 0x00000000ebd80000, 0x0000000100000000)
  eden space 10752K, 99% used [0x00000000eab00000,0x00000000eb57ccc8,0x00000000eb580000)
  from space 2560K, 100% used [0x00000000eb580000,0x00000000eb800000,0x00000000eb800000)
  to   space 4096K, 0% used [0x00000000eb980000,0x00000000eb980000,0x00000000ebd80000)
 ParOldGen       total 99328K, used 74312K [0x00000000c0000000, 0x00000000c6100000, 0x00000000eab00000)
  object space 99328K, 74% used [0x00000000c0000000,0x00000000c48922c0,0x00000000c6100000)
 Metaspace       used 76992K, committed 78208K, reserved 1179648K
  class space    used 7821K, committed 8320K, reserved 1048576K
}
Event: 54.059 GC heap after
{Heap after GC invocations=87 (full 5):
 PSYoungGen      total 13312K, used 2080K [0x00000000eab00000, 0x00000000ebc00000, 0x0000000100000000)
  eden space 10752K, 0% used [0x00000000eab00000,0x00000000eab00000,0x00000000eb580000)
  from space 2560K, 81% used [0x00000000eb980000,0x00000000ebb88010,0x00000000ebc00000)
  to   space 2560K, 0% used [0x00000000eb580000,0x00000000eb580000,0x00000000eb800000)
 ParOldGen       total 99328K, used 76303K [0x00000000c0000000, 0x00000000c6100000, 0x00000000eab00000)
  object space 99328K, 76% used [0x00000000c0000000,0x00000000c4a83fd0,0x00000000c6100000)
 Metaspace       used 76992K, committed 78208K, reserved 1179648K
  class space    used 7821K, committed 8320K, reserved 1048576K
}
Event: 54.269 GC heap before
{Heap before GC invocations=88 (full 5):
 PSYoungGen      total 13312K, used 12832K [0x00000000eab00000, 0x00000000ebc00000, 0x0000000100000000)
  eden space 10752K, 100% used [0x00000000eab00000,0x00000000eb580000,0x00000000eb580000)
  from space 2560K, 81% used [0x00000000eb980000,0x00000000ebb88010,0x00000000ebc00000)
  to   space 2560K, 0% used [0x00000000eb580000,0x00000000eb580000,0x00000000eb800000)
 ParOldGen       total 99328K, used 76303K [0x00000000c0000000, 0x00000000c6100000, 0x00000000eab00000)
  object space 99328K, 76% used [0x00000000c0000000,0x00000000c4a83fd0,0x00000000c6100000)
 Metaspace       used 77649K, committed 78912K, reserved 1179648K
  class space    used 7887K, committed 8384K, reserved 1048576K
}
Event: 54.272 GC heap after
{Heap after GC invocations=88 (full 5):
 PSYoungGen      total 13312K, used 1029K [0x00000000eab00000, 0x00000000eba00000, 0x0000000100000000)
  eden space 10752K, 0% used [0x00000000eab00000,0x00000000eab00000,0x00000000eb580000)
  from space 2560K, 40% used [0x00000000eb580000,0x00000000eb681420,0x00000000eb800000)
  to   space 1536K, 0% used [0x00000000eb880000,0x00000000eb880000,0x00000000eba00000)
 ParOldGen       total 99328K, used 78313K [0x00000000c0000000, 0x00000000c6100000, 0x00000000eab00000)
  object space 99328K, 78% used [0x00000000c0000000,0x00000000c4c7a438,0x00000000c6100000)
 Metaspace       used 77649K, committed 78912K, reserved 1179648K
  class space    used 7887K, committed 8384K, reserved 1048576K
}
Event: 54.822 GC heap before
{Heap before GC invocations=89 (full 5):
 PSYoungGen      total 13312K, used 11781K [0x00000000eab00000, 0x00000000eba00000, 0x0000000100000000)
  eden space 10752K, 100% used [0x00000000eab00000,0x00000000eb580000,0x00000000eb580000)
  from space 2560K, 40% used [0x00000000eb580000,0x00000000eb681420,0x00000000eb800000)
  to   space 1536K, 0% used [0x00000000eb880000,0x00000000eb880000,0x00000000eba00000)
 ParOldGen       total 99328K, used 78313K [0x00000000c0000000, 0x00000000c6100000, 0x00000000eab00000)
  object space 99328K, 78% used [0x00000000c0000000,0x00000000c4c7a438,0x00000000c6100000)
 Metaspace       used 77729K, committed 79104K, reserved 1179648K
  class space    used 7891K, committed 8448K, reserved 1048576K
}
Event: 54.826 GC heap after
{Heap after GC invocations=89 (full 5):
 PSYoungGen      total 11776K, used 1504K [0x00000000eab00000, 0x00000000ebc80000, 0x0000000100000000)
  eden space 10240K, 0% used [0x00000000eab00000,0x00000000eab00000,0x00000000eb500000)
  from space 1536K, 97% used [0x00000000eb880000,0x00000000eb9f8010,0x00000000eba00000)
  to   space 3584K, 0% used [0x00000000eb500000,0x00000000eb500000,0x00000000eb880000)
 ParOldGen       total 99328K, used 79594K [0x00000000c0000000, 0x00000000c6100000, 0x00000000eab00000)
  object space 99328K, 80% used [0x00000000c0000000,0x00000000c4dbab70,0x00000000c6100000)
 Metaspace       used 77729K, committed 79104K, reserved 1179648K
  class space    used 7891K, committed 8448K, reserved 1048576K
}
Event: 55.076 GC heap before
{Heap before GC invocations=90 (full 5):
 PSYoungGen      total 11776K, used 11744K [0x00000000eab00000, 0x00000000ebc80000, 0x0000000100000000)
  eden space 10240K, 100% used [0x00000000eab00000,0x00000000eb500000,0x00000000eb500000)
  from space 1536K, 97% used [0x00000000eb880000,0x00000000eb9f8010,0x00000000eba00000)
  to   space 3584K, 0% used [0x00000000eb500000,0x00000000eb500000,0x00000000eb880000)
 ParOldGen       total 99328K, used 79594K [0x00000000c0000000, 0x00000000c6100000, 0x00000000eab00000)
  object space 99328K, 80% used [0x00000000c0000000,0x00000000c4dbab70,0x00000000c6100000)
 Metaspace       used 77964K, committed 79296K, reserved 1179648K
  class space    used 7922K, committed 8512K, reserved 1048576K
}
Event: 55.079 GC heap after
{Heap after GC invocations=90 (full 5):
 PSYoungGen      total 11264K, used 864K [0x00000000eab00000, 0x00000000eb900000, 0x0000000100000000)
  eden space 10240K, 0% used [0x00000000eab00000,0x00000000eab00000,0x00000000eb500000)
  from space 1024K, 84% used [0x00000000eb500000,0x00000000eb5d8040,0x00000000eb600000)
  to   space 2048K, 0% used [0x00000000eb700000,0x00000000eb700000,0x00000000eb900000)
 ParOldGen       total 99328K, used 81114K [0x00000000c0000000, 0x00000000c6100000, 0x00000000eab00000)
  object space 99328K, 81% used [0x00000000c0000000,0x00000000c4f36850,0x00000000c6100000)
 Metaspace       used 77964K, committed 79296K, reserved 1179648K
  class space    used 7922K, committed 8512K, reserved 1048576K
}
Event: 55.473 GC heap before
{Heap before GC invocations=91 (full 5):
 PSYoungGen      total 11264K, used 11104K [0x00000000eab00000, 0x00000000eb900000, 0x0000000100000000)
  eden space 10240K, 100% used [0x00000000eab00000,0x00000000eb500000,0x00000000eb500000)
  from space 1024K, 84% used [0x00000000eb500000,0x00000000eb5d8040,0x00000000eb600000)
  to   space 2048K, 0% used [0x00000000eb700000,0x00000000eb700000,0x00000000eb900000)
 ParOldGen       total 99328K, used 81114K [0x00000000c0000000, 0x00000000c6100000, 0x00000000eab00000)
  object space 99328K, 81% used [0x00000000c0000000,0x00000000c4f36850,0x00000000c6100000)
 Metaspace       used 78028K, committed 79360K, reserved 1179648K
  class space    used 7923K, committed 8512K, reserved 1048576K
}
Event: 55.476 GC heap after
{Heap after GC invocations=91 (full 5):
 PSYoungGen      total 12288K, used 1536K [0x00000000eab00000, 0x00000000eb900000, 0x0000000100000000)
  eden space 10240K, 0% used [0x00000000eab00000,0x00000000eab00000,0x00000000eb500000)
  from space 2048K, 75% used [0x00000000eb700000,0x00000000eb880040,0x00000000eb900000)
  to   space 2048K, 0% used [0x00000000eb500000,0x00000000eb500000,0x00000000eb700000)
 ParOldGen       total 99328K, used 81114K [0x00000000c0000000, 0x00000000c6100000, 0x00000000eab00000)
  object space 99328K, 81% used [0x00000000c0000000,0x00000000c4f36850,0x00000000c6100000)
 Metaspace       used 78028K, committed 79360K, reserved 1179648K
  class space    used 7923K, committed 8512K, reserved 1048576K
}
Event: 56.086 GC heap before
{Heap before GC invocations=92 (full 5):
 PSYoungGen      total 12288K, used 11776K [0x00000000eab00000, 0x00000000eb900000, 0x0000000100000000)
  eden space 10240K, 100% used [0x00000000eab00000,0x00000000eb500000,0x00000000eb500000)
  from space 2048K, 75% used [0x00000000eb700000,0x00000000eb880040,0x00000000eb900000)
  to   space 2048K, 0% used [0x00000000eb500000,0x00000000eb500000,0x00000000eb700000)
 ParOldGen       total 99328K, used 81114K [0x00000000c0000000, 0x00000000c6100000, 0x00000000eab00000)
  object space 99328K, 81% used [0x00000000c0000000,0x00000000c4f36850,0x00000000c6100000)
 Metaspace       used 78122K, committed 79488K, reserved 1179648K
  class space    used 7923K, committed 8512K, reserved 1048576K
}
Event: 56.088 GC heap after
{Heap after GC invocations=92 (full 5):
 PSYoungGen      total 12288K, used 1696K [0x00000000eab00000, 0x00000000eb900000, 0x0000000100000000)
  eden space 10240K, 0% used [0x00000000eab00000,0x00000000eab00000,0x00000000eb500000)
  from space 2048K, 82% used [0x00000000eb500000,0x00000000eb6a8040,0x00000000eb700000)
  to   space 2048K, 0% used [0x00000000eb700000,0x00000000eb700000,0x00000000eb900000)
 ParOldGen       total 99328K, used 81122K [0x00000000c0000000, 0x00000000c6100000, 0x00000000eab00000)
  object space 99328K, 81% used [0x00000000c0000000,0x00000000c4f38850,0x00000000c6100000)
 Metaspace       used 78122K, committed 79488K, reserved 1179648K
  class space    used 7923K, committed 8512K, reserved 1048576K
}
Event: 56.772 GC heap before
{Heap before GC invocations=93 (full 5):
 PSYoungGen      total 12288K, used 11936K [0x00000000eab00000, 0x00000000eb900000, 0x0000000100000000)
  eden space 10240K, 100% used [0x00000000eab00000,0x00000000eb500000,0x00000000eb500000)
  from space 2048K, 82% used [0x00000000eb500000,0x00000000eb6a8040,0x00000000eb700000)
  to   space 2048K, 0% used [0x00000000eb700000,0x00000000eb700000,0x00000000eb900000)
 ParOldGen       total 99328K, used 81122K [0x00000000c0000000, 0x00000000c6100000, 0x00000000eab00000)
  object space 99328K, 81% used [0x00000000c0000000,0x00000000c4f38850,0x00000000c6100000)
 Metaspace       used 78213K, committed 79616K, reserved 1179648K
  class space    used 7929K, committed 8512K, reserved 1048576K
}
Event: 56.774 GC heap after
{Heap after GC invocations=93 (full 5):
 PSYoungGen      total 12288K, used 1696K [0x00000000eab00000, 0x00000000eb900000, 0x0000000100000000)
  eden space 10240K, 0% used [0x00000000eab00000,0x00000000eab00000,0x00000000eb500000)
  from space 2048K, 82% used [0x00000000eb700000,0x00000000eb8a8040,0x00000000eb900000)
  to   space 2048K, 0% used [0x00000000eb500000,0x00000000eb500000,0x00000000eb700000)
 ParOldGen       total 99328K, used 81122K [0x00000000c0000000, 0x00000000c6100000, 0x00000000eab00000)
  object space 99328K, 81% used [0x00000000c0000000,0x00000000c4f38850,0x00000000c6100000)
 Metaspace       used 78213K, committed 79616K, reserved 1179648K
  class space    used 7929K, committed 8512K, reserved 1048576K
}
Event: 57.271 GC heap before
{Heap before GC invocations=94 (full 5):
 PSYoungGen      total 12288K, used 11936K [0x00000000eab00000, 0x00000000eb900000, 0x0000000100000000)
  eden space 10240K, 100% used [0x00000000eab00000,0x00000000eb500000,0x00000000eb500000)
  from space 2048K, 82% used [0x00000000eb700000,0x00000000eb8a8040,0x00000000eb900000)
  to   space 2048K, 0% used [0x00000000eb500000,0x00000000eb500000,0x00000000eb700000)
 ParOldGen       total 99328K, used 81122K [0x00000000c0000000, 0x00000000c6100000, 0x00000000eab00000)
  object space 99328K, 81% used [0x00000000c0000000,0x00000000c4f38850,0x00000000c6100000)
 Metaspace       used 78301K, committed 79680K, reserved 1179648K
  class space    used 7937K, committed 8512K, reserved 1048576K
}
Event: 57.275 GC heap after
{Heap after GC invocations=94 (full 5):
 PSYoungGen      total 12288K, used 2016K [0x00000000eab00000, 0x00000000ebd00000, 0x0000000100000000)
  eden space 10240K, 0% used [0x00000000eab00000,0x00000000eab00000,0x00000000eb500000)
  from space 2048K, 98% used [0x00000000eb500000,0x00000000eb6f8040,0x00000000eb700000)
  to   space 4096K, 0% used [0x00000000eb900000,0x00000000eb900000,0x00000000ebd00000)
 ParOldGen       total 99328K, used 82846K [0x00000000c0000000, 0x00000000c6100000, 0x00000000eab00000)
  object space 99328K, 83% used [0x00000000c0000000,0x00000000c50e79b8,0x00000000c6100000)
 Metaspace       used 78301K, committed 79680K, reserved 1179648K
  class space    used 7937K, committed 8512K, reserved 1048576K
}

