# JRE version: OpenJDK Runtime Environment Temurin-17.0.10+7 (17.0.10+7) (build 17.0.10+7)
# Java VM: OpenJDK 64-Bit Server VM Temurin-17.0.10+7 (17.0.10+7, mixed mode, tiered, compressed oops, compressed class ptrs, parallel gc, windows-amd64)
GC Precious Log:
 CPUs: 4 total, 4 available
 Memory: 3879M
 Large Page Support: Disabled
 NUMA Support: Disabled
 Compressed Oops: Enabled (32-bit)
 Alignments: Space 512K, Generation 512K, Heap 2M
 Heap Min Capacity: 100M
 Heap Initial Capacity: 100M
 Heap Max Capacity: 1G
 Pre-touch: Disabled
 Parallel Workers: 4
Heap:
 PSYoungGen      total 21504K, used 17706K [0x00000000eab00000, 0x00000000ec580000, 0x0000000100000000)
  eden space 16384K, 77% used [0x00000000eab00000,0x00000000eb777508,0x00000000ebb00000)
  from space 5120K, 96% used [0x00000000ebb00000,0x00000000ebfd3690,0x00000000ec000000)
  to   space 5120K, 0% used [0x00000000ec080000,0x00000000ec080000,0x00000000ec580000)
 ParOldGen       total 117760K, used 102622K [0x00000000c0000000, 0x00000000c7300000, 0x00000000eab00000)
  object space 117760K, 87% used [0x00000000c0000000,0x00000000c6437ad8,0x00000000c7300000)
 Metaspace       used 75187K, committed 76416K, reserved 1179648K
  class space    used 8008K, committed 8576K, reserved 1048576K
GC Heap History (20 events):
Event: 31.258 GC heap before
{Heap before GC invocations=56 (full 5):
 PSYoungGen      total 17920K, used 17666K [0x00000000eab00000, 0x00000000ec200000, 0x0000000100000000)
  eden space 13312K, 100% used [0x00000000eab00000,0x00000000eb800000,0x00000000eb800000)
  from space 4608K, 94% used [0x00000000ebd80000,0x00000000ec1c0a80,0x00000000ec200000)
  to   space 4608K, 0% used [0x00000000eb900000,0x00000000eb900000,0x00000000ebd80000)
 ParOldGen       total 117760K, used 107848K [0x00000000c0000000, 0x00000000c7300000, 0x00000000eab00000)
  object space 117760K, 91% used [0x00000000c0000000,0x00000000c6952260,0x00000000c7300000)
 Metaspace       used 71395K, committed 72640K, reserved 1114112K
  class space    used 7700K, committed 8192K, reserved 1048576K
}
Event: 31.265 GC heap after
{Heap after GC invocations=56 (full 5):
 PSYoungGen      total 18432K, used 4601K [0x00000000eab00000, 0x00000000ecc80000, 0x0000000100000000)
  eden space 13824K, 0% used [0x00000000eab00000,0x00000000eab00000,0x00000000eb880000)
  from space 4608K, 99% used [0x00000000eb900000,0x00000000ebd7e5d0,0x00000000ebd80000)
  to   space 10240K, 0% used [0x00000000ec280000,0x00000000ec280000,0x00000000ecc80000)
 ParOldGen       total 117760K, used 112408K [0x00000000c0000000, 0x00000000c7300000, 0x00000000eab00000)
  object space 117760K, 95% used [0x00000000c0000000,0x00000000c6dc6260,0x00000000c7300000)
 Metaspace       used 71395K, committed 72640K, reserved 1114112K
  class space    used 7700K, committed 8192K, reserved 1048576K
}
Event: 31.265 GC heap before
{Heap before GC invocations=57 (full 6):
 PSYoungGen      total 18432K, used 4601K [0x00000000eab00000, 0x00000000ecc80000, 0x0000000100000000)
  eden space 13824K, 0% used [0x00000000eab00000,0x00000000eab00000,0x00000000eb880000)
  from space 4608K, 99% used [0x00000000eb900000,0x00000000ebd7e5d0,0x00000000ebd80000)
  to   space 10240K, 0% used [0x00000000ec280000,0x00000000ec280000,0x00000000ecc80000)
 ParOldGen       total 117760K, used 112408K [0x00000000c0000000, 0x00000000c7300000, 0x00000000eab00000)
  object space 117760K, 95% used [0x00000000c0000000,0x00000000c6dc6260,0x00000000c7300000)
 Metaspace       used 71395K, committed 72640K, reserved 1114112K
  class space    used 7700K, committed 8192K, reserved 1048576K
}
Event: 31.339 GC heap after
{Heap after GC invocations=57 (full 6):
 PSYoungGen      total 24064K, used 0K [0x00000000eab00000, 0x00000000ecd00000, 0x0000000100000000)
  eden space 13824K, 0% used [0x00000000eab00000,0x00000000eab00000,0x00000000eb880000)
  from space 10240K, 0% used [0x00000000ec280000,0x00000000ec280000,0x00000000ecc80000)
  to   space 10240K, 0% used [0x00000000eb880000,0x00000000eb880000,0x00000000ec280000)
 ParOldGen       total 117760K, used 82029K [0x00000000c0000000, 0x00000000c7300000, 0x00000000eab00000)
  object space 117760K, 69% used [0x00000000c0000000,0x00000000c501b4b8,0x00000000c7300000)
 Metaspace       used 71395K, committed 72640K, reserved 1114112K
  class space    used 7700K, committed 8192K, reserved 1048576K
}
Event: 31.410 GC heap before
{Heap before GC invocations=58 (full 6):
 PSYoungGen      total 24064K, used 13697K [0x00000000eab00000, 0x00000000ecd00000, 0x0000000100000000)
  eden space 13824K, 99% used [0x00000000eab00000,0x00000000eb8605d8,0x00000000eb880000)
  from space 10240K, 0% used [0x00000000ec280000,0x00000000ec280000,0x00000000ecc80000)
  to   space 10240K, 0% used [0x00000000eb880000,0x00000000eb880000,0x00000000ec280000)
 ParOldGen       total 117760K, used 82029K [0x00000000c0000000, 0x00000000c7300000, 0x00000000eab00000)
  object space 117760K, 69% used [0x00000000c0000000,0x00000000c501b4b8,0x00000000c7300000)
 Metaspace       used 71397K, committed 72640K, reserved 1114112K
  class space    used 7700K, committed 8192K, reserved 1048576K
}
Event: 31.415 GC heap after
{Heap after GC invocations=58 (full 6):
 PSYoungGen      total 24064K, used 10240K [0x00000000eab00000, 0x00000000ece00000, 0x0000000100000000)
  eden space 13824K, 0% used [0x00000000eab00000,0x00000000eab00000,0x00000000eb880000)
  from space 10240K, 100% used [0x00000000eb880000,0x00000000ec280000,0x00000000ec280000)
  to   space 10752K, 0% used [0x00000000ec380000,0x00000000ec380000,0x00000000ece00000)
 ParOldGen       total 117760K, used 82117K [0x00000000c0000000, 0x00000000c7300000, 0x00000000eab00000)
  object space 117760K, 69% used [0x00000000c0000000,0x00000000c50314b8,0x00000000c7300000)
 Metaspace       used 71397K, committed 72640K, reserved 1114112K
  class space    used 7700K, committed 8192K, reserved 1048576K
}
Event: 31.464 GC heap before
{Heap before GC invocations=59 (full 6):
 PSYoungGen      total 24064K, used 24064K [0x00000000eab00000, 0x00000000ece00000, 0x0000000100000000)
  eden space 13824K, 100% used [0x00000000eab00000,0x00000000eb880000,0x00000000eb880000)
  from space 10240K, 100% used [0x00000000eb880000,0x00000000ec280000,0x00000000ec280000)
  to   space 10752K, 0% used [0x00000000ec380000,0x00000000ec380000,0x00000000ece00000)
 ParOldGen       total 117760K, used 82117K [0x00000000c0000000, 0x00000000c7300000, 0x00000000eab00000)
  object space 117760K, 69% used [0x00000000c0000000,0x00000000c50314b8,0x00000000c7300000)
 Metaspace       used 71397K, committed 72640K, reserved 1114112K
  class space    used 7700K, committed 8192K, reserved 1048576K
}
Event: 31.477 GC heap after
{Heap after GC invocations=59 (full 6):
 PSYoungGen      total 24576K, used 10713K [0x00000000eab00000, 0x00000000ecf80000, 0x0000000100000000)
  eden space 13824K, 0% used [0x00000000eab00000,0x00000000eab00000,0x00000000eb880000)
  from space 10752K, 99% used [0x00000000ec380000,0x00000000ecdf65b8,0x00000000ece00000)
  to   space 11264K, 0% used [0x00000000eb880000,0x00000000eb880000,0x00000000ec380000)
 ParOldGen       total 117760K, used 92405K [0x00000000c0000000, 0x00000000c7300000, 0x00000000eab00000)
  object space 117760K, 78% used [0x00000000c0000000,0x00000000c5a3d4b8,0x00000000c7300000)
 Metaspace       used 71397K, committed 72640K, reserved 1114112K
  class space    used 7700K, committed 8192K, reserved 1048576K
}
Event: 31.621 GC heap before
{Heap before GC invocations=60 (full 6):
 PSYoungGen      total 24576K, used 24537K [0x00000000eab00000, 0x00000000ecf80000, 0x0000000100000000)
  eden space 13824K, 100% used [0x00000000eab00000,0x00000000eb880000,0x00000000eb880000)
  from space 10752K, 99% used [0x00000000ec380000,0x00000000ecdf65b8,0x00000000ece00000)
  to   space 11264K, 0% used [0x00000000eb880000,0x00000000eb880000,0x00000000ec380000)
 ParOldGen       total 117760K, used 92405K [0x00000000c0000000, 0x00000000c7300000, 0x00000000eab00000)
  object space 117760K, 78% used [0x00000000c0000000,0x00000000c5a3d4b8,0x00000000c7300000)
 Metaspace       used 71398K, committed 72640K, reserved 1114112K
  class space    used 7700K, committed 8192K, reserved 1048576K
}
Event: 31.628 GC heap after
{Heap after GC invocations=60 (full 6):
 PSYoungGen      total 25088K, used 11257K [0x00000000eab00000, 0x00000000ecf80000, 0x0000000100000000)
  eden space 13824K, 0% used [0x00000000eab00000,0x00000000eab00000,0x00000000eb880000)
  from space 11264K, 99% used [0x00000000eb880000,0x00000000ec37e628,0x00000000ec380000)
  to   space 10752K, 0% used [0x00000000ec380000,0x00000000ec380000,0x00000000ece00000)
 ParOldGen       total 117760K, used 95949K [0x00000000c0000000, 0x00000000c7300000, 0x00000000eab00000)
  object space 117760K, 81% used [0x00000000c0000000,0x00000000c5db34b8,0x00000000c7300000)
 Metaspace       used 71398K, committed 72640K, reserved 1114112K
  class space    used 7700K, committed 8192K, reserved 1048576K
}
Event: 32.006 GC heap before
{Heap before GC invocations=61 (full 6):
 PSYoungGen      total 25088K, used 25048K [0x00000000eab00000, 0x00000000ecf80000, 0x0000000100000000)
  eden space 13824K, 99% used [0x00000000eab00000,0x00000000eb877b60,0x00000000eb880000)
  from space 11264K, 99% used [0x00000000eb880000,0x00000000ec37e628,0x00000000ec380000)
  to   space 10752K, 0% used [0x00000000ec380000,0x00000000ec380000,0x00000000ece00000)
 ParOldGen       total 117760K, used 95949K [0x00000000c0000000, 0x00000000c7300000, 0x00000000eab00000)
  object space 117760K, 81% used [0x00000000c0000000,0x00000000c5db34b8,0x00000000c7300000)
 Metaspace       used 71399K, committed 72640K, reserved 1114112K
  class space    used 7700K, committed 8192K, reserved 1048576K
}
Event: 32.020 GC heap after
{Heap after GC invocations=61 (full 6):
 PSYoungGen      total 25088K, used 7812K [0x00000000eab00000, 0x00000000ece80000, 0x0000000100000000)
  eden space 14336K, 0% used [0x00000000eab00000,0x00000000eab00000,0x00000000eb900000)
  from space 10752K, 72% used [0x00000000ec380000,0x00000000ecb213c8,0x00000000ece00000)
  to   space 10752K, 0% used [0x00000000eb900000,0x00000000eb900000,0x00000000ec380000)
 ParOldGen       total 117760K, used 106637K [0x00000000c0000000, 0x00000000c7300000, 0x00000000eab00000)
  object space 117760K, 90% used [0x00000000c0000000,0x00000000c68234b8,0x00000000c7300000)
 Metaspace       used 71399K, committed 72640K, reserved 1114112K
  class space    used 7700K, committed 8192K, reserved 1048576K
}
Event: 32.020 GC heap before
{Heap before GC invocations=62 (full 7):
 PSYoungGen      total 25088K, used 7812K [0x00000000eab00000, 0x00000000ece80000, 0x0000000100000000)
  eden space 14336K, 0% used [0x00000000eab00000,0x00000000eab00000,0x00000000eb900000)
  from space 10752K, 72% used [0x00000000ec380000,0x00000000ecb213c8,0x00000000ece00000)
  to   space 10752K, 0% used [0x00000000eb900000,0x00000000eb900000,0x00000000ec380000)
 ParOldGen       total 117760K, used 106637K [0x00000000c0000000, 0x00000000c7300000, 0x00000000eab00000)
  object space 117760K, 90% used [0x00000000c0000000,0x00000000c68234b8,0x00000000c7300000)
 Metaspace       used 71399K, committed 72640K, reserved 1114112K
  class space    used 7700K, committed 8192K, reserved 1048576K
}
Event: 32.162 GC heap after
{Heap after GC invocations=62 (full 7):
 PSYoungGen      total 25088K, used 0K [0x00000000eab00000, 0x00000000ecf00000, 0x0000000100000000)
  eden space 14336K, 0% used [0x00000000eab00000,0x00000000eab00000,0x00000000eb900000)
  from space 10752K, 0% used [0x00000000eb900000,0x00000000eb900000,0x00000000ec380000)
  to   space 10752K, 0% used [0x00000000ec480000,0x00000000ec480000,0x00000000ecf00000)
 ParOldGen       total 117760K, used 101047K [0x00000000c0000000, 0x00000000c7300000, 0x00000000eab00000)
  object space 117760K, 85% used [0x00000000c0000000,0x00000000c62adc10,0x00000000c7300000)
 Metaspace       used 71399K, committed 72640K, reserved 1114112K
  class space    used 7700K, committed 8192K, reserved 1048576K
}
Event: 35.445 GC heap before
{Heap before GC invocations=63 (full 7):
 PSYoungGen      total 25088K, used 14336K [0x00000000eab00000, 0x00000000ecf00000, 0x0000000100000000)
  eden space 14336K, 100% used [0x00000000eab00000,0x00000000eb900000,0x00000000eb900000)
  from space 10752K, 0% used [0x00000000eb900000,0x00000000eb900000,0x00000000ec380000)
  to   space 10752K, 0% used [0x00000000ec480000,0x00000000ec480000,0x00000000ecf00000)
 ParOldGen       total 117760K, used 101047K [0x00000000c0000000, 0x00000000c7300000, 0x00000000eab00000)
  object space 117760K, 85% used [0x00000000c0000000,0x00000000c62adc10,0x00000000c7300000)
 Metaspace       used 72723K, committed 73984K, reserved 1179648K
  class space    used 7811K, committed 8320K, reserved 1048576K
}
Event: 35.450 GC heap after
{Heap after GC invocations=63 (full 7):
 PSYoungGen      total 16896K, used 1367K [0x00000000eab00000, 0x00000000ec600000, 0x0000000100000000)
  eden space 15360K, 0% used [0x00000000eab00000,0x00000000eab00000,0x00000000eba00000)
  from space 1536K, 89% used [0x00000000ec480000,0x00000000ec5d5eb8,0x00000000ec600000)
  to   space 4608K, 0% used [0x00000000ebd00000,0x00000000ebd00000,0x00000000ec180000)
 ParOldGen       total 117760K, used 101055K [0x00000000c0000000, 0x00000000c7300000, 0x00000000eab00000)
  object space 117760K, 85% used [0x00000000c0000000,0x00000000c62afc10,0x00000000c7300000)
 Metaspace       used 72723K, committed 73984K, reserved 1179648K
  class space    used 7811K, committed 8320K, reserved 1048576K
}
Event: 38.140 GC heap before
{Heap before GC invocations=64 (full 7):
 PSYoungGen      total 16896K, used 16727K [0x00000000eab00000, 0x00000000ec600000, 0x0000000100000000)
  eden space 15360K, 100% used [0x00000000eab00000,0x00000000eba00000,0x00000000eba00000)
  from space 1536K, 89% used [0x00000000ec480000,0x00000000ec5d5eb8,0x00000000ec600000)
  to   space 4608K, 0% used [0x00000000ebd00000,0x00000000ebd00000,0x00000000ec180000)
 ParOldGen       total 117760K, used 101055K [0x00000000c0000000, 0x00000000c7300000, 0x00000000eab00000)
  object space 117760K, 85% used [0x00000000c0000000,0x00000000c62afc10,0x00000000c7300000)
 Metaspace       used 73442K, committed 74688K, reserved 1179648K
  class space    used 7888K, committed 8384K, reserved 1048576K
}
Event: 38.144 GC heap after
{Heap after GC invocations=64 (full 7):
 PSYoungGen      total 20480K, used 2854K [0x00000000eab00000, 0x00000000ec500000, 0x0000000100000000)
  eden space 15872K, 0% used [0x00000000eab00000,0x00000000eab00000,0x00000000eba80000)
  from space 4608K, 61% used [0x00000000ebd00000,0x00000000ebfc9848,0x00000000ec180000)
  to   space 3584K, 0% used [0x00000000ec180000,0x00000000ec180000,0x00000000ec500000)
 ParOldGen       total 117760K, used 101055K [0x00000000c0000000, 0x00000000c7300000, 0x00000000eab00000)
  object space 117760K, 85% used [0x00000000c0000000,0x00000000c62afc10,0x00000000c7300000)
 Metaspace       used 73442K, committed 74688K, reserved 1179648K
  class space    used 7888K, committed 8384K, reserved 1048576K
}
Event: 38.852 GC heap before
{Heap before GC invocations=65 (full 7):
 PSYoungGen      total 20480K, used 18726K [0x00000000eab00000, 0x00000000ec500000, 0x0000000100000000)
  eden space 15872K, 100% used [0x00000000eab00000,0x00000000eba80000,0x00000000eba80000)
  from space 4608K, 61% used [0x00000000ebd00000,0x00000000ebfc9848,0x00000000ec180000)
  to   space 3584K, 0% used [0x00000000ec180000,0x00000000ec180000,0x00000000ec500000)
 ParOldGen       total 117760K, used 101055K [0x00000000c0000000, 0x00000000c7300000, 0x00000000eab00000)
  object space 117760K, 85% used [0x00000000c0000000,0x00000000c62afc10,0x00000000c7300000)
 Metaspace       used 74146K, committed 75392K, reserved 1179648K
  class space    used 7934K, committed 8448K, reserved 1048576K
}
Event: 38.857 GC heap after
{Heap after GC invocations=65 (full 7):
 PSYoungGen      total 19968K, used 3557K [0x00000000eab00000, 0x00000000ec500000, 0x0000000100000000)
  eden space 16384K, 0% used [0x00000000eab00000,0x00000000eab00000,0x00000000ebb00000)
  from space 3584K, 99% used [0x00000000ec180000,0x00000000ec4f94c8,0x00000000ec500000)
  to   space 5120K, 0% used [0x00000000ebb00000,0x00000000ebb00000,0x00000000ec000000)
 ParOldGen       total 117760K, used 101998K [0x00000000c0000000, 0x00000000c7300000, 0x00000000eab00000)
  object space 117760K, 86% used [0x00000000c0000000,0x00000000c639bac8,0x00000000c7300000)
 Metaspace       used 74146K, committed 75392K, reserved 1179648K
  class space    used 7934K, committed 8448K, reserved 1048576K
}

