# JRE version: OpenJDK Runtime Environment Temurin-17.0.10+7 (17.0.10+7) (build 17.0.10+7)
# Java VM: OpenJDK 64-Bit Server VM Temurin-17.0.10+7 (17.0.10+7, mixed mode, tiered, compressed oops, compressed class ptrs, parallel gc, windows-amd64)
GC Precious Log:
 CPUs: 4 total, 4 available
 Memory: 3879M
 Large Page Support: Disabled
 NUMA Support: Disabled
 Compressed Oops: Enabled (32-bit)
 Alignments: Space 512K, Generation 512K, Heap 2M
 Heap Min Capacity: 100M
 Heap Initial Capacity: 100M
 Heap Max Capacity: 1G
 Pre-touch: Disabled
 Parallel Workers: 4
Heap:
 PSYoungGen      total 17408K, used 10825K [0x00000000eab00000, 0x00000000ec000000, 0x0000000100000000)
  eden space 16384K, 61% used [0x00000000eab00000,0x00000000eb4d6c90,0x00000000ebb00000)
  from space 1024K, 73% used [0x00000000ebf00000,0x00000000ebfbb970,0x00000000ec000000)
  to   space 1024K, 0% used [0x00000000ebe00000,0x00000000ebe00000,0x00000000ebf00000)
 ParOldGen       total 68608K, used 35068K [0x00000000c0000000, 0x00000000c4300000, 0x00000000eab00000)
  object space 68608K, 51% used [0x00000000c0000000,0x00000000c223f190,0x00000000c4300000)
 Metaspace       used 45056K, committed 45824K, reserved 1114112K
  class space    used 4568K, committed 4928K, reserved 1048576K
GC Heap History (20 events):
Event: 16.318 GC heap before
{Heap before GC invocations=13 (full 1):
 PSYoungGen      total 25088K, used 23281K [0x00000000eab00000, 0x00000000ec780000, 0x0000000100000000)
  eden space 22016K, 92% used [0x00000000eab00000,0x00000000ebeed4b8,0x00000000ec080000)
  from space 3072K, 93% used [0x00000000ec100000,0x00000000ec3cf0d8,0x00000000ec400000)
  to   space 3584K, 0% used [0x00000000ec400000,0x00000000ec400000,0x00000000ec780000)
 ParOldGen       total 68608K, used 20706K [0x00000000c0000000, 0x00000000c4300000, 0x00000000eab00000)
  object space 68608K, 30% used [0x00000000c0000000,0x00000000c1438938,0x00000000c4300000)
 Metaspace       used 35121K, committed 35840K, reserved 1114112K
  class space    used 3492K, committed 3776K, reserved 1048576K
}
Event: 16.322 GC heap after
{Heap after GC invocations=13 (full 1):
 PSYoungGen      total 23552K, used 1146K [0x00000000eab00000, 0x00000000ec580000, 0x0000000100000000)
  eden space 22016K, 0% used [0x00000000eab00000,0x00000000eab00000,0x00000000ec080000)
  from space 1536K, 74% used [0x00000000ec400000,0x00000000ec51e8a8,0x00000000ec580000)
  to   space 2048K, 0% used [0x00000000ec180000,0x00000000ec180000,0x00000000ec380000)
 ParOldGen       total 68608K, used 23505K [0x00000000c0000000, 0x00000000c4300000, 0x00000000eab00000)
  object space 68608K, 34% used [0x00000000c0000000,0x00000000c16f4728,0x00000000c4300000)
 Metaspace       used 35121K, committed 35840K, reserved 1114112K
  class space    used 3492K, committed 3776K, reserved 1048576K
}
Event: 16.322 GC heap before
{Heap before GC invocations=14 (full 2):
 PSYoungGen      total 23552K, used 1146K [0x00000000eab00000, 0x00000000ec580000, 0x0000000100000000)
  eden space 22016K, 0% used [0x00000000eab00000,0x00000000eab00000,0x00000000ec080000)
  from space 1536K, 74% used [0x00000000ec400000,0x00000000ec51e8a8,0x00000000ec580000)
  to   space 2048K, 0% used [0x00000000ec180000,0x00000000ec180000,0x00000000ec380000)
 ParOldGen       total 68608K, used 23505K [0x00000000c0000000, 0x00000000c4300000, 0x00000000eab00000)
  object space 68608K, 34% used [0x00000000c0000000,0x00000000c16f4728,0x00000000c4300000)
 Metaspace       used 35121K, committed 35840K, reserved 1114112K
  class space    used 3492K, committed 3776K, reserved 1048576K
}
Event: 16.355 GC heap after
{Heap after GC invocations=14 (full 2):
 PSYoungGen      total 23552K, used 0K [0x00000000eab00000, 0x00000000ec580000, 0x0000000100000000)
  eden space 22016K, 0% used [0x00000000eab00000,0x00000000eab00000,0x00000000ec080000)
  from space 1536K, 0% used [0x00000000ec400000,0x00000000ec400000,0x00000000ec580000)
  to   space 2048K, 0% used [0x00000000ec180000,0x00000000ec180000,0x00000000ec380000)
 ParOldGen       total 68608K, used 23594K [0x00000000c0000000, 0x00000000c4300000, 0x00000000eab00000)
  object space 68608K, 34% used [0x00000000c0000000,0x00000000c170a9c0,0x00000000c4300000)
 Metaspace       used 35121K, committed 35840K, reserved 1114112K
  class space    used 3492K, committed 3776K, reserved 1048576K
}
Event: 16.734 GC heap before
{Heap before GC invocations=15 (full 2):
 PSYoungGen      total 23552K, used 22016K [0x00000000eab00000, 0x00000000ec580000, 0x0000000100000000)
  eden space 22016K, 100% used [0x00000000eab00000,0x00000000ec080000,0x00000000ec080000)
  from space 1536K, 0% used [0x00000000ec400000,0x00000000ec400000,0x00000000ec580000)
  to   space 2048K, 0% used [0x00000000ec180000,0x00000000ec180000,0x00000000ec380000)
 ParOldGen       total 68608K, used 23594K [0x00000000c0000000, 0x00000000c4300000, 0x00000000eab00000)
  object space 68608K, 34% used [0x00000000c0000000,0x00000000c170a9c0,0x00000000c4300000)
 Metaspace       used 37397K, committed 38144K, reserved 1114112K
  class space    used 3770K, committed 4160K, reserved 1048576K
}
Event: 16.736 GC heap after
{Heap after GC invocations=15 (full 2):
 PSYoungGen      total 24064K, used 1763K [0x00000000eab00000, 0x00000000ec480000, 0x0000000100000000)
  eden space 22016K, 0% used [0x00000000eab00000,0x00000000eab00000,0x00000000ec080000)
  from space 2048K, 86% used [0x00000000ec180000,0x00000000ec338f30,0x00000000ec380000)
  to   space 1024K, 0% used [0x00000000ec380000,0x00000000ec380000,0x00000000ec480000)
 ParOldGen       total 68608K, used 23602K [0x00000000c0000000, 0x00000000c4300000, 0x00000000eab00000)
  object space 68608K, 34% used [0x00000000c0000000,0x00000000c170c9c0,0x00000000c4300000)
 Metaspace       used 37397K, committed 38144K, reserved 1114112K
  class space    used 3770K, committed 4160K, reserved 1048576K
}
Event: 16.824 GC heap before
{Heap before GC invocations=16 (full 2):
 PSYoungGen      total 24064K, used 23779K [0x00000000eab00000, 0x00000000ec480000, 0x0000000100000000)
  eden space 22016K, 100% used [0x00000000eab00000,0x00000000ec080000,0x00000000ec080000)
  from space 2048K, 86% used [0x00000000ec180000,0x00000000ec338f30,0x00000000ec380000)
  to   space 1024K, 0% used [0x00000000ec380000,0x00000000ec380000,0x00000000ec480000)
 ParOldGen       total 68608K, used 23602K [0x00000000c0000000, 0x00000000c4300000, 0x00000000eab00000)
  object space 68608K, 34% used [0x00000000c0000000,0x00000000c170c9c0,0x00000000c4300000)
 Metaspace       used 37432K, committed 38208K, reserved 1114112K
  class space    used 3776K, committed 4160K, reserved 1048576K
}
Event: 16.828 GC heap after
{Heap after GC invocations=16 (full 2):
 PSYoungGen      total 21504K, used 1024K [0x00000000eab00000, 0x00000000ec980000, 0x0000000100000000)
  eden space 20480K, 0% used [0x00000000eab00000,0x00000000eab00000,0x00000000ebf00000)
  from space 1024K, 100% used [0x00000000ec380000,0x00000000ec480000,0x00000000ec480000)
  to   space 4608K, 0% used [0x00000000ebf00000,0x00000000ebf00000,0x00000000ec380000)
 ParOldGen       total 68608K, used 26507K [0x00000000c0000000, 0x00000000c4300000, 0x00000000eab00000)
  object space 68608K, 38% used [0x00000000c0000000,0x00000000c19e2da0,0x00000000c4300000)
 Metaspace       used 37432K, committed 38208K, reserved 1114112K
  class space    used 3776K, committed 4160K, reserved 1048576K
}
Event: 16.908 GC heap before
{Heap before GC invocations=17 (full 2):
 PSYoungGen      total 21504K, used 21504K [0x00000000eab00000, 0x00000000ec980000, 0x0000000100000000)
  eden space 20480K, 100% used [0x00000000eab00000,0x00000000ebf00000,0x00000000ebf00000)
  from space 1024K, 100% used [0x00000000ec380000,0x00000000ec480000,0x00000000ec480000)
  to   space 4608K, 0% used [0x00000000ebf00000,0x00000000ebf00000,0x00000000ec380000)
 ParOldGen       total 68608K, used 26507K [0x00000000c0000000, 0x00000000c4300000, 0x00000000eab00000)
  object space 68608K, 38% used [0x00000000c0000000,0x00000000c19e2da0,0x00000000c4300000)
 Metaspace       used 37432K, committed 38208K, reserved 1114112K
  class space    used 3776K, committed 4160K, reserved 1048576K
}
Event: 16.911 GC heap after
{Heap after GC invocations=17 (full 2):
 PSYoungGen      total 23040K, used 2464K [0x00000000eab00000, 0x00000000ec500000, 0x0000000100000000)
  eden space 20480K, 0% used [0x00000000eab00000,0x00000000eab00000,0x00000000ebf00000)
  from space 2560K, 96% used [0x00000000ebf00000,0x00000000ec168010,0x00000000ec180000)
  to   space 3072K, 0% used [0x00000000ec200000,0x00000000ec200000,0x00000000ec500000)
 ParOldGen       total 68608K, used 27547K [0x00000000c0000000, 0x00000000c4300000, 0x00000000eab00000)
  object space 68608K, 40% used [0x00000000c0000000,0x00000000c1ae6da0,0x00000000c4300000)
 Metaspace       used 37432K, committed 38208K, reserved 1114112K
  class space    used 3776K, committed 4160K, reserved 1048576K
}
Event: 17.531 GC heap before
{Heap before GC invocations=18 (full 2):
 PSYoungGen      total 23040K, used 22944K [0x00000000eab00000, 0x00000000ec500000, 0x0000000100000000)
  eden space 20480K, 100% used [0x00000000eab00000,0x00000000ebf00000,0x00000000ebf00000)
  from space 2560K, 96% used [0x00000000ebf00000,0x00000000ec168010,0x00000000ec180000)
  to   space 3072K, 0% used [0x00000000ec200000,0x00000000ec200000,0x00000000ec500000)
 ParOldGen       total 68608K, used 27547K [0x00000000c0000000, 0x00000000c4300000, 0x00000000eab00000)
  object space 68608K, 40% used [0x00000000c0000000,0x00000000c1ae6da0,0x00000000c4300000)
 Metaspace       used 37994K, committed 38656K, reserved 1114112K
  class space    used 3841K, committed 4160K, reserved 1048576K
}
Event: 17.541 GC heap after
{Heap after GC invocations=18 (full 2):
 PSYoungGen      total 19456K, used 3044K [0x00000000eab00000, 0x00000000ecd00000, 0x0000000100000000)
  eden space 16384K, 0% used [0x00000000eab00000,0x00000000eab00000,0x00000000ebb00000)
  from space 3072K, 99% used [0x00000000ec200000,0x00000000ec4f9000,0x00000000ec500000)
  to   space 7168K, 0% used [0x00000000ebb00000,0x00000000ebb00000,0x00000000ec200000)
 ParOldGen       total 68608K, used 30752K [0x00000000c0000000, 0x00000000c4300000, 0x00000000eab00000)
  object space 68608K, 44% used [0x00000000c0000000,0x00000000c1e08108,0x00000000c4300000)
 Metaspace       used 37994K, committed 38656K, reserved 1114112K
  class space    used 3841K, committed 4160K, reserved 1048576K
}
Event: 18.538 GC heap before
{Heap before GC invocations=19 (full 2):
 PSYoungGen      total 19456K, used 19428K [0x00000000eab00000, 0x00000000ecd00000, 0x0000000100000000)
  eden space 16384K, 100% used [0x00000000eab00000,0x00000000ebb00000,0x00000000ebb00000)
  from space 3072K, 99% used [0x00000000ec200000,0x00000000ec4f9000,0x00000000ec500000)
  to   space 7168K, 0% used [0x00000000ebb00000,0x00000000ebb00000,0x00000000ec200000)
 ParOldGen       total 68608K, used 30752K [0x00000000c0000000, 0x00000000c4300000, 0x00000000eab00000)
  object space 68608K, 44% used [0x00000000c0000000,0x00000000c1e08108,0x00000000c4300000)
 Metaspace       used 40064K, committed 40832K, reserved 1114112K
  class space    used 4082K, committed 4416K, reserved 1048576K
}
Event: 18.544 GC heap after
{Heap after GC invocations=19 (full 2):
 PSYoungGen      total 16896K, used 457K [0x00000000eab00000, 0x00000000ec280000, 0x0000000100000000)
  eden space 16384K, 0% used [0x00000000eab00000,0x00000000eab00000,0x00000000ebb00000)
  from space 512K, 89% used [0x00000000ebb00000,0x00000000ebb726d0,0x00000000ebb80000)
  to   space 3072K, 0% used [0x00000000ebf80000,0x00000000ebf80000,0x00000000ec280000)
 ParOldGen       total 68608K, used 33791K [0x00000000c0000000, 0x00000000c4300000, 0x00000000eab00000)
  object space 68608K, 49% used [0x00000000c0000000,0x00000000c20ffde8,0x00000000c4300000)
 Metaspace       used 40064K, committed 40832K, reserved 1114112K
  class space    used 4082K, committed 4416K, reserved 1048576K
}
Event: 19.320 GC heap before
{Heap before GC invocations=20 (full 2):
 PSYoungGen      total 16896K, used 16806K [0x00000000eab00000, 0x00000000ec280000, 0x0000000100000000)
  eden space 16384K, 99% used [0x00000000eab00000,0x00000000ebaf72f8,0x00000000ebb00000)
  from space 512K, 89% used [0x00000000ebb00000,0x00000000ebb726d0,0x00000000ebb80000)
  to   space 3072K, 0% used [0x00000000ebf80000,0x00000000ebf80000,0x00000000ec280000)
 ParOldGen       total 68608K, used 33791K [0x00000000c0000000, 0x00000000c4300000, 0x00000000eab00000)
  object space 68608K, 49% used [0x00000000c0000000,0x00000000c20ffde8,0x00000000c4300000)
 Metaspace       used 40843K, committed 41600K, reserved 1114112K
  class space    used 4167K, committed 4544K, reserved 1048576K
}
Event: 19.321 GC heap after
{Heap after GC invocations=20 (full 2):
 PSYoungGen      total 16896K, used 288K [0x00000000eab00000, 0x00000000ec000000, 0x0000000100000000)
  eden space 16384K, 0% used [0x00000000eab00000,0x00000000eab00000,0x00000000ebb00000)
  from space 512K, 56% used [0x00000000ebf80000,0x00000000ebfc8000,0x00000000ec000000)
  to   space 1024K, 0% used [0x00000000ebe00000,0x00000000ebe00000,0x00000000ebf00000)
 ParOldGen       total 68608K, used 34216K [0x00000000c0000000, 0x00000000c4300000, 0x00000000eab00000)
  object space 68608K, 49% used [0x00000000c0000000,0x00000000c216a2b0,0x00000000c4300000)
 Metaspace       used 40843K, committed 41600K, reserved 1114112K
  class space    used 4167K, committed 4544K, reserved 1048576K
}
Event: 22.491 GC heap before
{Heap before GC invocations=21 (full 2):
 PSYoungGen      total 16896K, used 16672K [0x00000000eab00000, 0x00000000ec000000, 0x0000000100000000)
  eden space 16384K, 100% used [0x00000000eab00000,0x00000000ebb00000,0x00000000ebb00000)
  from space 512K, 56% used [0x00000000ebf80000,0x00000000ebfc8000,0x00000000ec000000)
  to   space 1024K, 0% used [0x00000000ebe00000,0x00000000ebe00000,0x00000000ebf00000)
 ParOldGen       total 68608K, used 34216K [0x00000000c0000000, 0x00000000c4300000, 0x00000000eab00000)
  object space 68608K, 49% used [0x00000000c0000000,0x00000000c216a2b0,0x00000000c4300000)
 Metaspace       used 42946K, committed 43648K, reserved 1114112K
  class space    used 4352K, committed 4672K, reserved 1048576K
}
Event: 22.493 GC heap after
{Heap after GC invocations=21 (full 2):
 PSYoungGen      total 17408K, used 688K [0x00000000eab00000, 0x00000000ec000000, 0x0000000100000000)
  eden space 16384K, 0% used [0x00000000eab00000,0x00000000eab00000,0x00000000ebb00000)
  from space 1024K, 67% used [0x00000000ebe00000,0x00000000ebeac010,0x00000000ebf00000)
  to   space 1024K, 0% used [0x00000000ebf00000,0x00000000ebf00000,0x00000000ec000000)
 ParOldGen       total 68608K, used 34432K [0x00000000c0000000, 0x00000000c4300000, 0x00000000eab00000)
  object space 68608K, 50% used [0x00000000c0000000,0x00000000c21a02b0,0x00000000c4300000)
 Metaspace       used 42946K, committed 43648K, reserved 1114112K
  class space    used 4352K, committed 4672K, reserved 1048576K
}
Event: 26.658 GC heap before
{Heap before GC invocations=22 (full 2):
 PSYoungGen      total 17408K, used 17072K [0x00000000eab00000, 0x00000000ec000000, 0x0000000100000000)
  eden space 16384K, 100% used [0x00000000eab00000,0x00000000ebb00000,0x00000000ebb00000)
  from space 1024K, 67% used [0x00000000ebe00000,0x00000000ebeac010,0x00000000ebf00000)
  to   space 1024K, 0% used [0x00000000ebf00000,0x00000000ebf00000,0x00000000ec000000)
 ParOldGen       total 68608K, used 34432K [0x00000000c0000000, 0x00000000c4300000, 0x00000000eab00000)
  object space 68608K, 50% used [0x00000000c0000000,0x00000000c21a02b0,0x00000000c4300000)
 Metaspace       used 44287K, committed 45056K, reserved 1114112K
  class space    used 4486K, committed 4864K, reserved 1048576K
}
Event: 26.660 GC heap after
{Heap after GC invocations=22 (full 2):
 PSYoungGen      total 17408K, used 750K [0x00000000eab00000, 0x00000000ec000000, 0x0000000100000000)
  eden space 16384K, 0% used [0x00000000eab00000,0x00000000eab00000,0x00000000ebb00000)
  from space 1024K, 73% used [0x00000000ebf00000,0x00000000ebfbb970,0x00000000ec000000)
  to   space 1024K, 0% used [0x00000000ebe00000,0x00000000ebe00000,0x00000000ebf00000)
 ParOldGen       total 68608K, used 35068K [0x00000000c0000000, 0x00000000c4300000, 0x00000000eab00000)
  object space 68608K, 51% used [0x00000000c0000000,0x00000000c223f190,0x00000000c4300000)
 Metaspace       used 44287K, committed 45056K, reserved 1114112K
  class space    used 4486K, committed 4864K, reserved 1048576K
}

